\BOOKMARK [-1][-]{part.1}{I\040Cicero\040philosophus}{}% 1
\BOOKMARK [0][-]{chapter.1}{Philosophia\040sive\040amor\040scientiae}{part.1}% 2
\BOOKMARK [1][-]{section.1.1}{Cic.\040Fin.\0405,\04048-50}{chapter.1}% 3
\BOOKMARK [1][-]{section.1.2}{Cic.\040Tusc.\0405,\0408-10}{chapter.1}% 4
\BOOKMARK [1][-]{section.1.3}{Cic.\040Off.\0401,\04011-13,\04018}{chapter.1}% 5
\BOOKMARK [0][-]{chapter.2}{Summum\040bonum\040sive\040vita\040bona}{part.1}% 6
\BOOKMARK [1][-]{section.2.1}{Cic.\040Off.\0401,\040117-118}{chapter.2}% 7
\BOOKMARK [1][-]{section.2.2}{Cic.\040Tusc.\0405,\04057-62,\04064-66}{chapter.2}% 8
\BOOKMARK [1][-]{section.2.3}{Cic.\040Off.\0403,\04099-100}{chapter.2}% 9
\BOOKMARK [1][-]{section.2.4}{Cic.\040Phil.\0409,\0401-2,\04010-11}{chapter.2}% 10
\BOOKMARK [2][-]{subsection.2.4.1}{Cic.\040Phil.\0409,\04010-11}{section.2.4}% 11
\BOOKMARK [1][-]{section.2.5}{Cic.\040Fin.\0403,\04075-76}{chapter.2}% 12
\BOOKMARK [1][-]{section.2.6}{Cic.\040Fin.\0403,\04075-76}{chapter.2}% 13
\BOOKMARK [1][-]{section.2.7}{Cic.\040Off.\0401,\040150-151}{chapter.2}% 14
\BOOKMARK [-1][-]{part.2}{II\040L.\040Annaei\040Senecae\040ad\040Lucilium\040epistulae\040morales}{}% 15
\BOOKMARK [0][-]{chapter.3}{Epistula\040I.}{part.2}% 16
\BOOKMARK [0][-]{chapter.4}{Epistula\040II.}{part.2}% 17
\BOOKMARK [0][-]{chapter.5}{Epistula\040III.}{part.2}% 18
\BOOKMARK [0][-]{chapter.6}{Epistula\040IV.}{part.2}% 19
\BOOKMARK [-1][-]{part.3}{III\040Albii\040Tibulli\040elegiarum\040liber\040primus}{}% 20
\BOOKMARK [0][-]{chapter.7}{Elegia\040I.}{part.3}% 21
\BOOKMARK [0][-]{chapter.8}{Elegia\040II.}{part.3}% 22
\BOOKMARK [-1][-]{part.4}{IV\040Terentii\040Adelphoe}{}% 23
\BOOKMARK [0][-]{chapter.9}{Adelphoe,\040didascalia\040et\040prologus.}{part.4}% 24
\BOOKMARK [0][-]{chapter.10}{Adelphoe,\040actus\040I,\040scaena\040I.}{part.4}% 25
\BOOKMARK [0][-]{chapter.11}{Adelphoe,\040actus\040I,\040scaena\040II.}{part.4}% 26
\BOOKMARK [0][-]{chapter.12}{Adelphoe,\040actus\040II,\040scaena\040I.}{part.4}% 27
\BOOKMARK [-1][-]{part.5}{V\040Horatii\040odarum\040liber\040primus}{}% 28
\BOOKMARK [0][-]{chapter.13}{Ode\040I.}{part.5}% 29
\BOOKMARK [0][-]{chapter.14}{Ode\040II.}{part.5}% 30
\BOOKMARK [0][-]{chapter.15}{Ode\040III.}{part.5}% 31
