This is XeTeX, Version 3.14159265-2.6-0.99999 (TeX Live 2018) (preloaded format=xelatex 2018.11.1)  8 OCT 2020 21:56
entering extended mode
 restricted \write18 enabled.
 %&-line parsing enabled.
**psl_citanka_2020.tex
(./psl_citanka_2020.tex
LaTeX2e <2018-04-01> patch level 5
(/home/neven/texlive2/2018/texmf-dist/tex/latex/base/book.cls
Document Class: book 2014/09/29 v1.4h Standard LaTeX document class
(/home/neven/texlive2/2018/texmf-dist/tex/latex/base/bk12.clo
File: bk12.clo 2014/09/29 v1.4h Standard LaTeX file (size option)
)
\c@part=\count80
\c@chapter=\count81
\c@section=\count82
\c@subsection=\count83
\c@subsubsection=\count84
\c@paragraph=\count85
\c@subparagraph=\count86
\c@figure=\count87
\c@table=\count88
\abovecaptionskip=\skip41
\belowcaptionskip=\skip42
\bibindent=\dimen102
)
(/home/neven/texlive2/2018/texmf-dist/tex/latex/polyglossia/polyglossia.sty
Package: polyglossia 2018/04/07 v1.43 Alternative to Babel for XeLaTeX and LuaL
aTeX

(/home/neven/texlive2/2018/texmf-dist/tex/latex/etoolbox/etoolbox.sty
Package: etoolbox 2018/08/19 v2.5f e-TeX tools for LaTeX (JAW)
\etb@tempcnta=\count89
)
(/home/neven/texlive2/2018/texmf-dist/tex/latex/makecmds/makecmds.sty
Package: makecmds 2009/09/03 v1.0a extra command making commands
)
(/home/neven/texlive2/2018/texmf-dist/tex/latex/xkeyval/xkeyval.sty
Package: xkeyval 2014/12/03 v2.7a package option processing (HA)

(/home/neven/texlive2/2018/texmf-dist/tex/generic/xkeyval/xkeyval.tex
(/home/neven/texlive2/2018/texmf-dist/tex/generic/xkeyval/xkvutils.tex
\XKV@toks=\toks14
\XKV@tempa@toks=\toks15

(/home/neven/texlive2/2018/texmf-dist/tex/generic/xkeyval/keyval.tex))
\XKV@depth=\count90
File: xkeyval.tex 2014/12/03 v2.7a key=value parser (HA)
))
(/home/neven/texlive2/2018/texmf-dist/tex/latex/fontspec/fontspec.sty
(/home/neven/texlive2/2018/texmf-dist/tex/latex/l3packages/xparse/xparse.sty
(/home/neven/texlive2/2018/texmf-dist/tex/latex/l3kernel/expl3.sty
Package: expl3 2018-10-31 L3 programming layer (loader) 

(/home/neven/texlive2/2018/texmf-dist/tex/latex/l3kernel/expl3-code.tex
Package: expl3 2018-10-31 L3 programming layer (code)
\c_max_int=\count91
\l_tmpa_int=\count92
\l_tmpb_int=\count93
\g_tmpa_int=\count94
\g_tmpb_int=\count95
\g__kernel_prg_map_int=\count96
\c_log_iow=\count97
\l_iow_line_count_int=\count98
\l__iow_line_target_int=\count99
\l__iow_one_indent_int=\count100
\l__iow_indent_int=\count101
\c_zero_dim=\dimen103
\c_max_dim=\dimen104
\l_tmpa_dim=\dimen105
\l_tmpb_dim=\dimen106
\g_tmpa_dim=\dimen107
\g_tmpb_dim=\dimen108
\c_zero_skip=\skip43
\c_max_skip=\skip44
\l_tmpa_skip=\skip45
\l_tmpb_skip=\skip46
\g_tmpa_skip=\skip47
\g_tmpb_skip=\skip48
\c_zero_muskip=\muskip10
\c_max_muskip=\muskip11
\l_tmpa_muskip=\muskip12
\l_tmpb_muskip=\muskip13
\g_tmpa_muskip=\muskip14
\g_tmpb_muskip=\muskip15
\l_keys_choice_int=\count102
\l__intarray_loop_int=\count103
\c__intarray_sp_dim=\dimen109
\g__intarray_font_int=\count104
\c__fp_leading_shift_int=\count105
\c__fp_middle_shift_int=\count106
\c__fp_trailing_shift_int=\count107
\c__fp_big_leading_shift_int=\count108
\c__fp_big_middle_shift_int=\count109
\c__fp_big_trailing_shift_int=\count110
\c__fp_Bigg_leading_shift_int=\count111
\c__fp_Bigg_middle_shift_int=\count112
\c__fp_Bigg_trailing_shift_int=\count113
\g__fp_array_int=\count114
\l__fp_array_loop_int=\count115
\l__sort_length_int=\count116
\l__sort_min_int=\count117
\l__sort_top_int=\count118
\l__sort_max_int=\count119
\l__sort_true_max_int=\count120
\l__sort_block_int=\count121
\l__sort_begin_int=\count122
\l__sort_end_int=\count123
\l__sort_A_int=\count124
\l__sort_B_int=\count125
\l__sort_C_int=\count126
\l__tl_analysis_normal_int=\count127
\l__tl_analysis_index_int=\count128
\l__tl_analysis_nesting_int=\count129
\l__tl_analysis_type_int=\count130
\l__regex_internal_a_int=\count131
\l__regex_internal_b_int=\count132
\l__regex_internal_c_int=\count133
\l__regex_balance_int=\count134
\l__regex_group_level_int=\count135
\l__regex_mode_int=\count136
\c__regex_cs_in_class_mode_int=\count137
\c__regex_cs_mode_int=\count138
\l__regex_catcodes_int=\count139
\l__regex_default_catcodes_int=\count140
\c__regex_catcode_L_int=\count141
\c__regex_catcode_O_int=\count142
\c__regex_catcode_A_int=\count143
\c__regex_all_catcodes_int=\count144
\l__regex_show_lines_int=\count145
\l__regex_min_state_int=\count146
\l__regex_max_state_int=\count147
\l__regex_left_state_int=\count148
\l__regex_right_state_int=\count149
\l__regex_capturing_group_int=\count150
\l__regex_min_pos_int=\count151
\l__regex_max_pos_int=\count152
\l__regex_curr_pos_int=\count153
\l__regex_start_pos_int=\count154
\l__regex_success_pos_int=\count155
\l__regex_curr_char_int=\count156
\l__regex_curr_catcode_int=\count157
\l__regex_last_char_int=\count158
\l__regex_case_changed_char_int=\count159
\l__regex_curr_state_int=\count160
\l__regex_step_int=\count161
\l__regex_min_active_int=\count162
\l__regex_max_active_int=\count163
\l__regex_replacement_csnames_int=\count164
\l__regex_match_count_int=\count165
\l__regex_min_submatch_int=\count166
\l__regex_submatch_int=\count167
\l__regex_zeroth_submatch_int=\count168
\g__regex_trace_regex_int=\count169
\c_empty_box=\box26
\l_tmpa_box=\box27
\l_tmpb_box=\box28
\g_tmpa_box=\box29
\g_tmpb_box=\box30
\l__box_top_dim=\dimen110
\l__box_bottom_dim=\dimen111
\l__box_left_dim=\dimen112
\l__box_right_dim=\dimen113
\l__box_top_new_dim=\dimen114
\l__box_bottom_new_dim=\dimen115
\l__box_left_new_dim=\dimen116
\l__box_right_new_dim=\dimen117
\l__box_internal_box=\box31
\l__coffin_internal_box=\box32
\l__coffin_internal_dim=\dimen118
\l__coffin_offset_x_dim=\dimen119
\l__coffin_offset_y_dim=\dimen120
\l__coffin_x_dim=\dimen121
\l__coffin_y_dim=\dimen122
\l__coffin_x_prime_dim=\dimen123
\l__coffin_y_prime_dim=\dimen124
\c_empty_coffin=\box33
\l__coffin_aligned_coffin=\box34
\l__coffin_aligned_internal_coffin=\box35
\l_tmpa_coffin=\box36
\l_tmpb_coffin=\box37
\l__coffin_display_coffin=\box38
\l__coffin_display_coord_coffin=\box39
\l__coffin_display_pole_coffin=\box40
\l__coffin_display_offset_dim=\dimen125
\l__coffin_display_x_dim=\dimen126
\l__coffin_display_y_dim=\dimen127
\g__file_internal_ior=\read1
\l__coffin_bounding_shift_dim=\dimen128
\l__coffin_left_corner_dim=\dimen129
\l__coffin_right_corner_dim=\dimen130
\l__coffin_bottom_corner_dim=\dimen131
\l__coffin_top_corner_dim=\dimen132
\l__coffin_scaled_total_height_dim=\dimen133
\l__coffin_scaled_width_dim=\dimen134
)
(/home/neven/texlive2/2018/texmf-dist/tex/latex/l3kernel/l3xdvipdfmx.def
File: l3xdvidpfmx.def 2018-10-31 v L3 Experimental driver: xdvipdfmx
\g__driver_image_int=\count170
\g__driver_pdf_object_int=\count171
))
Package: xparse 2018-10-17 L3 Experimental document command parser
\l__xparse_current_arg_int=\count172
\g__xparse_grabber_int=\count173
\l__xparse_m_args_int=\count174
\l__xparse_mandatory_args_int=\count175
\l__xparse_v_nesting_int=\count176
)
Package: fontspec 2018/07/30 vv2.6h Font selection for XeLaTeX and LuaLaTeX

(/home/neven/texlive2/2018/texmf-dist/tex/latex/fontspec/fontspec-xetex.sty
Package: fontspec-xetex 2018/07/30 vv2.6h Font selection for XeLaTeX and LuaLaT
eX
\l__fontspec_script_int=\count177
\l__fontspec_language_int=\count178
\l__fontspec_strnum_int=\count179
\l__fontspec_tmp_int=\count180
\l__fontspec_em_int=\count181
\l__fontspec_emdef_int=\count182
\l__fontspec_strong_int=\count183
\l__fontspec_strongdef_int=\count184
\l__fontspec_tmpa_dim=\dimen135
\l__fontspec_tmpb_dim=\dimen136
\l__fontspec_tmpc_dim=\dimen137

(/home/neven/texlive2/2018/texmf-dist/tex/latex/base/fontenc.sty
Package: fontenc 2017/04/05 v2.0i Standard LaTeX package

(/home/neven/texlive2/2018/texmf-dist/tex/latex/base/tuenc.def
File: tuenc.def 2017/04/05 v2.0i Standard LaTeX file
LaTeX Font Info:    Redeclaring font encoding TU on input line 82.
))
(/home/neven/texlive2/2018/texmf-dist/tex/latex/fontspec/fontspec.cfg)
LaTeX Info: Redefining \itshape on input line 3910.
LaTeX Info: Redefining \slshape on input line 3915.
LaTeX Info: Redefining \scshape on input line 3920.
LaTeX Info: Redefining \upshape on input line 3925.
LaTeX Info: Redefining \em on input line 3955.
LaTeX Info: Redefining \emph on input line 3980.
LaTeX Info: Redefining \- on input line 4034.
))
(/home/neven/texlive2/2018/texmf-dist/tex/generic/oberdiek/ifluatex.sty
Package: ifluatex 2016/05/16 v1.4 Provides the ifluatex switch (HO)
Package ifluatex Info: LuaTeX not detected.
)
(/home/neven/texlive2/2018/texmf-dist/tex/generic/ifxetex/ifxetex.sty
Package: ifxetex 2010/09/12 v0.6 Provides ifxetex conditional
)
\xpg@normalclass=\XeTeXcharclass1
)
(/home/neven/texlive2/2018/texmf-dist/tex/latex/polyglossia/gloss-latin.ldf
File: gloss-latin.ldf 2016/09/10 v.1.03 Latin support from polyglossia
Package polyglossia Info: Option: Modern Latin.

(/home/neven/texlive2/2018/texmf-dist/tex/latex/polyglossia/babelsh.def
File: babelsh.def 2013/04/30 Babel common definitions for shorthands
 Taken verbatim from babel.def (2013/04/15 v3.9e)
)
Package polyglossia Info: Making " an active character on input line 191.
Package polyglossia Info: Making ' an active character on input line 191.
)
Package polyglossia Info: Default language is latin.

(/home/neven/texlive2/2018/texmf-dist/tex/latex/polyglossia/gloss-greek.ldf
File: gloss-greek.ldf polyglossia: module for greek

(/home/neven/texlive2/2018/texmf-dist/tex/latex/polyglossia/xgreek-fixes.def)
\@attic@num=\count185
)
(/home/neven/texlive2/2018/texmf-dist/tex/latex/verse/verse.sty
Package: verse 2009/09/04 v2.4a verse typesetting
\c@vslineno=\count186
\c@poemline=\count187
\c@fvsline=\count188
\c@modulo@vs=\count189
\c@verse@envctr=\count190
\versewidth=\skip49
\vgap=\skip50
\vindent=\skip51
\stanzaskip=\skip52
\vleftskip=\skip53
\vrightskip=\skip54
\c@chrsinstr=\count191
\beforepoemtitleskip=\skip55
\afterpoemtitleskip=\skip56
)
(/home/neven/texlive2/2018/texmf-dist/tex/latex/import/import.sty
Package: import 2009/03/23  v 5.1
)
(/home/neven/texlive2/2018/texmf-dist/tex/latex/titlesec/titlesec.sty
Package: titlesec 2016/03/21 v2.10.2 Sectioning titles
\ttl@box=\box41
\beforetitleunit=\skip57
\aftertitleunit=\skip58
\ttl@plus=\dimen138
\ttl@minus=\dimen139
\ttl@toksa=\toks16
\titlewidth=\dimen140
\titlewidthlast=\dimen141
\titlewidthfirst=\dimen142
)
(/home/neven/texlive2/2018/texmf-dist/tex/latex/tabto-ltx/tabto.sty
Package: tabto 2013/03/25  v 1.3  Another tabbing mechanism
\CurrentLineWidth=\dimen143
)
(/home/neven/texlive2/2018/texmf-dist/tex/generic/ulem/ulem.sty
\UL@box=\box42
\UL@hyphenbox=\box43
\UL@skip=\skip59
\UL@hook=\toks17
\UL@height=\dimen144
\UL@pe=\count192
\UL@pixel=\dimen145
\ULC@box=\box44
Package: ulem 2012/05/18
\ULdepth=\dimen146
)
(/home/neven/texlive2/2018/texmf-dist/tex/latex/hyperref/hyperref.sty
Package: hyperref 2018/09/30 v6.88a Hypertext links for LaTeX

(/home/neven/texlive2/2018/texmf-dist/tex/generic/oberdiek/hobsub-hyperref.sty
Package: hobsub-hyperref 2016/05/16 v1.14 Bundle oberdiek, subset hyperref (HO)


(/home/neven/texlive2/2018/texmf-dist/tex/generic/oberdiek/hobsub-generic.sty
Package: hobsub-generic 2016/05/16 v1.14 Bundle oberdiek, subset generic (HO)
Package: hobsub 2016/05/16 v1.14 Construct package bundles (HO)
Package: infwarerr 2016/05/16 v1.4 Providing info/warning/error messages (HO)
Package: ltxcmds 2016/05/16 v1.23 LaTeX kernel commands for general use (HO)
Package hobsub Info: Skipping package `ifluatex' (already loaded).
Package: ifvtex 2016/05/16 v1.6 Detect VTeX and its facilities (HO)
Package ifvtex Info: VTeX not detected.
Package: intcalc 2016/05/16 v1.2 Expandable calculations with integers (HO)
Package: ifpdf 2018/09/07 v3.3 Provides the ifpdf switch
Package: etexcmds 2016/05/16 v1.6 Avoid name clashes with e-TeX commands (HO)
Package etexcmds Info: Could not find \expanded.
(etexcmds)             That can mean that you are not using pdfTeX 1.50 or
(etexcmds)             that some package has redefined \expanded.
(etexcmds)             In the latter case, load this package earlier.
Package: kvsetkeys 2016/05/16 v1.17 Key value parser (HO)
Package: kvdefinekeys 2016/05/16 v1.4 Define keys (HO)
Package: pdftexcmds 2018/09/10 v0.29 Utility functions of pdfTeX for LuaTeX (HO
)
Package pdftexcmds Info: LuaTeX not detected.
Package pdftexcmds Info: pdfTeX >= 1.30 not detected.
Package pdftexcmds Info: \pdf@primitive is available.
Package pdftexcmds Info: \pdf@ifprimitive is available.
Package pdftexcmds Info: \pdfdraftmode not found.
Package: pdfescape 2016/05/16 v1.14 Implements pdfTeX's escape features (HO)
Package: bigintcalc 2016/05/16 v1.4 Expandable calculations on big integers (HO
)
Package: bitset 2016/05/16 v1.2 Handle bit-vector datatype (HO)
Package: uniquecounter 2016/05/16 v1.3 Provide unlimited unique counter (HO)
)
Package hobsub Info: Skipping package `hobsub' (already loaded).
Package: letltxmacro 2016/05/16 v1.5 Let assignment for LaTeX macros (HO)
Package: hopatch 2016/05/16 v1.3 Wrapper for package hooks (HO)
Package: xcolor-patch 2016/05/16 xcolor patch
Package: atveryend 2016/05/16 v1.9 Hooks at the very end of document (HO)
Package: atbegshi 2016/06/09 v1.18 At begin shipout hook (HO)
Package: refcount 2016/05/16 v3.5 Data extraction from label references (HO)
Package: hycolor 2016/05/16 v1.8 Color options for hyperref/bookmark (HO)
) (/home/neven/texlive2/2018/texmf-dist/tex/latex/oberdiek/auxhook.sty
Package: auxhook 2016/05/16 v1.4 Hooks for auxiliary files (HO)
)
(/home/neven/texlive2/2018/texmf-dist/tex/latex/oberdiek/kvoptions.sty
Package: kvoptions 2016/05/16 v3.12 Key value format for package options (HO)
)
\@linkdim=\dimen147
\Hy@linkcounter=\count193
\Hy@pagecounter=\count194

(/home/neven/texlive2/2018/texmf-dist/tex/latex/hyperref/pd1enc.def
File: pd1enc.def 2018/09/30 v6.88a Hyperref: PDFDocEncoding definition (HO)
)
\Hy@SavedSpaceFactor=\count195

(/home/neven/texlive2/2018/texmf-dist/tex/latex/latexconfig/hyperref.cfg
File: hyperref.cfg 2002/06/06 v1.2 hyperref configuration of TeXLive
)
Package hyperref Info: Hyper figures OFF on input line 4535.
Package hyperref Info: Link nesting OFF on input line 4540.
Package hyperref Info: Hyper index ON on input line 4543.
Package hyperref Info: Plain pages OFF on input line 4550.
Package hyperref Info: Backreferencing OFF on input line 4555.
Package hyperref Info: Implicit mode ON; LaTeX internals redefined.
Package hyperref Info: Bookmarks ON on input line 4788.
\c@Hy@tempcnt=\count196

(/home/neven/texlive2/2018/texmf-dist/tex/latex/url/url.sty
\Urlmuskip=\muskip16
Package: url 2013/09/16  ver 3.4  Verb mode for urls, etc.
)
LaTeX Info: Redefining \url on input line 5141.
\XeTeXLinkMargin=\dimen148
\Fld@menulength=\count197
\Field@Width=\dimen149
\Fld@charsize=\dimen150
Package hyperref Info: Hyper figures OFF on input line 6396.
Package hyperref Info: Link nesting OFF on input line 6401.
Package hyperref Info: Hyper index ON on input line 6404.
Package hyperref Info: backreferencing OFF on input line 6411.
Package hyperref Info: Link coloring OFF on input line 6416.
Package hyperref Info: Link coloring with OCG OFF on input line 6421.
Package hyperref Info: PDF/A mode OFF on input line 6426.
LaTeX Info: Redefining \ref on input line 6466.
LaTeX Info: Redefining \pageref on input line 6470.
\Hy@abspage=\count198
\c@Item=\count199
\c@Hfootnote=\count266
)
Package hyperref Info: Driver (autodetected): hxetex.

(/home/neven/texlive2/2018/texmf-dist/tex/latex/hyperref/hxetex.def
File: hxetex.def 2018/09/30 v6.88a Hyperref driver for XeTeX

(/home/neven/texlive2/2018/texmf-dist/tex/latex/hyperref/puenc.def
File: puenc.def 2018/09/30 v6.88a Hyperref: PDF Unicode definition (HO)
)
(/home/neven/texlive2/2018/texmf-dist/tex/generic/oberdiek/stringenc.sty
Package: stringenc 2016/05/16 v1.11 Convert strings between diff. encodings (HO
)
)
\pdfm@box=\box45
\c@Hy@AnnotLevel=\count267
\HyField@AnnotCount=\count268
\Fld@listcount=\count269
\c@bookmark@seq@number=\count270

(/home/neven/texlive2/2018/texmf-dist/tex/latex/oberdiek/rerunfilecheck.sty
Package: rerunfilecheck 2016/05/16 v1.8 Rerun checks for auxiliary files (HO)
Package uniquecounter Info: New unique counter `rerunfilecheck' on input line 2
82.
)
\Hy@SectionHShift=\skip60
)
(/home/neven/texlive2/2018/texmf-dist/tex/latex/enumitem/enumitem.sty
Package: enumitem 2011/09/28 v3.5.2 Customized lists
\enitkv@toks@=\toks18
\labelindent=\skip61
\enit@outerparindent=\dimen151
\enit@toks=\toks19
\enit@inbox=\box46
\enitdp@description=\count271
)
(/home/neven/texlive2/2018/texmf-dist/tex/latex/dtk/dtk-logos.sty
Package: dtk-logos 2017/06/07 v. 1.01 Dante Edition: Logos (hv)

(/home/neven/texlive2/2018/texmf-dist/tex/generic/oberdiek/hologo.sty
Package: hologo 2017/05/01 v1.13 A logo collection with bookmark support (HO)
Package hologo Info: Using driver `xetex'.
)
(/home/neven/texlive2/2018/texmf-dist/tex/latex/dantelogo/dantelogo.sty
Package: dantelogo 2015/08/12 v0.03

`dantelogo' v0.03, 2015/08/12 macro for DANTE's logo (hv)
(/home/neven/texlive2/2018/texmf-dist/tex/generic/iftex/iftex.sty
Package: iftex 2013/04/04 v0.2 Provides if(tex) conditional for PDFTeX, XeTeX, 
and LuaTeX
)
We run (lua)xelatex ... 

Package fontspec Info: Font "DANTE" does not contain any OpenType `Script'
(fontspec)             information.


Package fontspec Info: Font family 'DANTE(0)' created for font 'DANTE' with
(fontspec)             options
(fontspec)             [Ligatures=TeX,Extension=.otf,BoldFont=*-Bold,ItalicFont
=*-Italic,BoldItalicFont=*-Bold-Italic].
(fontspec)              
(fontspec)              This font family consists of the following NFSS
(fontspec)             series/shapes:
(fontspec)              
(fontspec)             - 'normal' (m/n) with NFSS spec.:
(fontspec)             <->"[DANTE.otf]/OT:mapping=tex-text;"
(fontspec)             - 'small caps'  (m/sc) with NFSS spec.: 
(fontspec)             - 'bold' (bx/n) with NFSS spec.:
(fontspec)             <->"[DANTE-Bold.otf]/OT:mapping=tex-text;"
(fontspec)             - 'bold small caps'  (bx/sc) with NFSS spec.: 
(fontspec)             - 'italic' (m/it) with NFSS spec.:
(fontspec)             <->"[DANTE-Italic.otf]/OT:mapping=tex-text;"
(fontspec)             - 'italic small caps'  (m/itsc) with NFSS spec.: 
(fontspec)             - 'bold italic' (bx/it) with NFSS spec.:
(fontspec)             <->"[DANTE-Bold-Italic.otf]/OT:mapping=tex-text;"
(fontspec)             - 'bold italic small caps'  (bx/itsc) with NFSS spec.: 

))
(/home/neven/texlive2/2018/texmf-dist/tex/latex/fancyhdr/fancyhdr.sty
Package: fancyhdr 2017/06/30 v3.9a Extensive control of page headers and footer
s
\f@nch@headwidth=\skip62
\f@nch@O@elh=\skip63
\f@nch@O@erh=\skip64
\f@nch@O@olh=\skip65
\f@nch@O@orh=\skip66
\f@nch@O@elf=\skip67
\f@nch@O@erf=\skip68
\f@nch@O@olf=\skip69
\f@nch@O@orf=\skip70
)
(/home/neven/texlive2/2018/texmf-dist/tex/latex/titling/titling.sty
Package: titling 2009/09/04 v2.1d maketitle typesetting
\thanksmarkwidth=\skip71
\thanksmargin=\skip72
\droptitle=\skip73
)

Package fontspec Info: Font family 'OldStandardTT(0)' created for font 'Old
(fontspec)             Standard TT' with options
(fontspec)             [Ligatures=TeX,Ligatures=TeX].
(fontspec)              
(fontspec)              This font family consists of the following NFSS
(fontspec)             series/shapes:
(fontspec)              
(fontspec)             - 'normal' (m/n) with NFSS spec.: <->"Old Standard
(fontspec)             TT/OT:script=latn;language=DFLT;mapping=tex-text;"
(fontspec)             - 'small caps'  (m/sc) with NFSS spec.: 
(fontspec)             - 'bold' (bx/n) with NFSS spec.: <->"Old Standard
(fontspec)             TT/B/OT:script=latn;language=DFLT;mapping=tex-text;"
(fontspec)             - 'bold small caps'  (bx/sc) with NFSS spec.: 
(fontspec)             - 'italic' (m/it) with NFSS spec.: <->"Old Standard
(fontspec)             TT/I/OT:script=latn;language=DFLT;mapping=tex-text;"
(fontspec)             - 'italic small caps'  (m/itsc) with NFSS spec.: 
(fontspec)             - 'bold italic' (bx/it) with NFSS spec.: <->"Old
(fontspec)             Standard
(fontspec)             TT/BI/OT:script=latn;language=DFLT;mapping=tex-text;"
(fontspec)             - 'bold italic small caps'  (bx/itsc) with NFSS spec.: 

LaTeX Info: Redefining \rmfamily on input line 38.
LaTeX Info: Redefining \sffamily on input line 40.

(./psl_citanka_2020.aux)
\openout1 = `psl_citanka_2020.aux'.

LaTeX Font Info:    Checking defaults for OML/cmm/m/it on input line 78.
LaTeX Font Info:    ... okay on input line 78.
LaTeX Font Info:    Checking defaults for T1/cmr/m/n on input line 78.
LaTeX Font Info:    ... okay on input line 78.
LaTeX Font Info:    Checking defaults for OT1/cmr/m/n on input line 78.
LaTeX Font Info:    ... okay on input line 78.
LaTeX Font Info:    Checking defaults for OMS/cmsy/m/n on input line 78.
LaTeX Font Info:    ... okay on input line 78.
LaTeX Font Info:    Checking defaults for TU/lmr/m/n on input line 78.
LaTeX Font Info:    ... okay on input line 78.
LaTeX Font Info:    Checking defaults for OMX/cmex/m/n on input line 78.
LaTeX Font Info:    ... okay on input line 78.
LaTeX Font Info:    Checking defaults for U/cmr/m/n on input line 78.
LaTeX Font Info:    ... okay on input line 78.
LaTeX Font Info:    Checking defaults for PD1/pdf/m/n on input line 78.
LaTeX Font Info:    ... okay on input line 78.
LaTeX Font Info:    Checking defaults for PU/pdf/m/n on input line 78.
LaTeX Font Info:    ... okay on input line 78.

Package fontspec Info: Adjusting the maths setup (use [no-math] to avoid
(fontspec)             this).

\symlegacymaths=\mathgroup4
LaTeX Font Info:    Overwriting symbol font `legacymaths' in version `bold'
(Font)                  OT1/cmr/m/n --> OT1/cmr/bx/n on input line 78.
LaTeX Font Info:    Redeclaring math accent \acute on input line 78.
LaTeX Font Info:    Redeclaring math accent \grave on input line 78.
LaTeX Font Info:    Redeclaring math accent \ddot on input line 78.
LaTeX Font Info:    Redeclaring math accent \tilde on input line 78.
LaTeX Font Info:    Redeclaring math accent \bar on input line 78.
LaTeX Font Info:    Redeclaring math accent \breve on input line 78.
LaTeX Font Info:    Redeclaring math accent \check on input line 78.
LaTeX Font Info:    Redeclaring math accent \hat on input line 78.
LaTeX Font Info:    Redeclaring math accent \dot on input line 78.
LaTeX Font Info:    Redeclaring math accent \mathring on input line 78.
LaTeX Font Info:    Redeclaring math symbol \colon on input line 78.
LaTeX Font Info:    Redeclaring math symbol \Gamma on input line 78.
LaTeX Font Info:    Redeclaring math symbol \Delta on input line 78.
LaTeX Font Info:    Redeclaring math symbol \Theta on input line 78.
LaTeX Font Info:    Redeclaring math symbol \Lambda on input line 78.
LaTeX Font Info:    Redeclaring math symbol \Xi on input line 78.
LaTeX Font Info:    Redeclaring math symbol \Pi on input line 78.
LaTeX Font Info:    Redeclaring math symbol \Sigma on input line 78.
LaTeX Font Info:    Redeclaring math symbol \Upsilon on input line 78.
LaTeX Font Info:    Redeclaring math symbol \Phi on input line 78.
LaTeX Font Info:    Redeclaring math symbol \Psi on input line 78.
LaTeX Font Info:    Redeclaring math symbol \Omega on input line 78.
LaTeX Font Info:    Redeclaring math symbol \mathdollar on input line 78.
LaTeX Font Info:    Redeclaring symbol font `operators' on input line 78.
LaTeX Font Info:    Encoding `OT1' has changed to `TU' for symbol font
(Font)              `operators' in the math version `normal' on input line 78.
LaTeX Font Info:    Overwriting symbol font `operators' in version `normal'
(Font)                  OT1/cmr/m/n --> TU/OldStandardTT(0)/m/n on input line 7
8.
LaTeX Font Info:    Encoding `OT1' has changed to `TU' for symbol font
(Font)              `operators' in the math version `bold' on input line 78.
LaTeX Font Info:    Overwriting symbol font `operators' in version `bold'
(Font)                  OT1/cmr/bx/n --> TU/OldStandardTT(0)/m/n on input line 
78.
LaTeX Font Info:    Overwriting symbol font `operators' in version `normal'
(Font)                  TU/OldStandardTT(0)/m/n --> TU/OldStandardTT(0)/m/n on 
input line 78.
LaTeX Font Info:    Overwriting math alphabet `\mathit' in version `normal'
(Font)                  OT1/cmr/m/it --> TU/OldStandardTT(0)/m/it on input line
 78.
LaTeX Font Info:    Overwriting math alphabet `\mathbf' in version `normal'
(Font)                  OT1/cmr/bx/n --> TU/OldStandardTT(0)/bx/n on input line
 78.
LaTeX Font Info:    Overwriting math alphabet `\mathsf' in version `normal'
(Font)                  OT1/cmss/m/n --> TU/OldStandardTT(0)/m/n on input line 
78.
LaTeX Font Info:    Overwriting math alphabet `\mathtt' in version `normal'
(Font)                  OT1/cmtt/m/n --> TU/lmtt/m/n on input line 78.
LaTeX Font Info:    Overwriting symbol font `operators' in version `bold'
(Font)                  TU/OldStandardTT(0)/m/n --> TU/OldStandardTT(0)/bx/n on
 input line 78.
LaTeX Font Info:    Overwriting math alphabet `\mathit' in version `bold'
(Font)                  OT1/cmr/bx/it --> TU/OldStandardTT(0)/bx/it on input li
ne 78.
LaTeX Font Info:    Overwriting math alphabet `\mathsf' in version `bold'
(Font)                  OT1/cmss/bx/n --> TU/OldStandardTT(0)/bx/n on input lin
e 78.
LaTeX Font Info:    Overwriting math alphabet `\mathtt' in version `bold'
(Font)                  OT1/cmtt/m/n --> TU/lmtt/bx/n on input line 78.
\AtBeginShipoutBox=\box47
Package hyperref Info: Link coloring OFF on input line 78.

(/home/neven/texlive2/2018/texmf-dist/tex/latex/hyperref/nameref.sty
Package: nameref 2016/05/21 v2.44 Cross-referencing by name of section

(/home/neven/texlive2/2018/texmf-dist/tex/generic/oberdiek/gettitlestring.sty
Package: gettitlestring 2016/05/16 v1.5 Cleanup title references (HO)
)
\c@section@level=\count272
)
LaTeX Info: Redefining \ref on input line 78.
LaTeX Info: Redefining \pageref on input line 78.
LaTeX Info: Redefining \nameref on input line 78.
(./psl_citanka_2020.out) (./psl_citanka_2020.out)
\@outlinefile=\write3
\openout3 = `psl_citanka_2020.out'.

LaTeX Font Info:    External font `cmex10' loaded for size
(Font)              <14.4> on input line 85.
LaTeX Font Info:    External font `cmex10' loaded for size
(Font)              <7> on input line 85.

(/home/neven/texlive2/2018/texmf-dist/tex/generic/oberdiek/se-ascii-print.def
File: se-ascii-print.def 2016/05/16 v1.11 stringenc: Printable ASCII characters

)
[1


] [2


] (./psl_citanka_2020.toc
LaTeX Font Info:    External font `cmex10' loaded for size
(Font)              <12> on input line 4.
LaTeX Font Info:    External font `cmex10' loaded for size
(Font)              <8> on input line 4.
LaTeX Font Info:    External font `cmex10' loaded for size
(Font)              <6> on input line 4.
 [3])
\tf@toc=\write4
\openout4 = `psl_citanka_2020.toc'.



Package Fancyhdr Warning: \headheight is too small (12.0pt): 
 Make it at least 14.49998pt.
 We now make it that large for the rest of the document.
 This may cause the page layout to be inconsistent, however.

[4]
Overfull \hbox (16.64334pt too wide) in paragraph at lines 113--114
\TU/OldStandardTT(0)/m/n/12 X[]L[]T[]X, dostupan je u repozitoriju []$[][][][] 
[] [] [] [][][][][][][][][] [] [][][] [] [][][][][][][][][][][][][][] []
 []

[5

] [6] [7

] [8]
Caput 1.
(./capita/cic-fin-5-48-5-50.tex [9

]) (./capita/cic-tusc-5-8-5-10.tex [10])
(./capita/cic-off-1-11-1-13.tex [11]) [12]
Caput 2.
(./capita/cic-off-1-117-1-118.tex) (./capita/cic-tusc-5-57-5-62.tex [13

]
[14]) (./capita/cic-off-3-99-3-100.tex [15]) (./capita/cic-phil-9-1-9-2.tex
[16]) (./capita/cic-fin-3-75-3-76.tex) [17] (./capita/cic-mur-61-64.tex
Overfull \hbox (4.00008pt too wide) in paragraph at lines 5--6
[]\TU/OldStandardTT(0)/m/n/12 hoc homo ingeniosissimus, M. Cato, auctoribus eru
ditissimis inductus adri-
 []

[18]) (./capita/cic-off-1-150-1-151.tex) [19] [20

] [21] [22]
Caput 3.
(./capita/c01-sen-ep01.tex [23

] [24]
Underfull \hbox (badness 10000) in paragraph at lines 52--54

 []


Underfull \hbox (badness 10000) in paragraph at lines 56--60

 []


Underfull \hbox (badness 10000) in paragraph at lines 62--63

 []


Underfull \hbox (badness 10000) in paragraph at lines 70--71

 []


Underfull \vbox (badness 1558) has occurred while \output is active []

 [25]
Underfull \hbox (badness 10000) in paragraph at lines 76--77

 []


Underfull \hbox (badness 10000) in paragraph at lines 81--82

 []


Underfull \hbox (badness 10000) in paragraph at lines 83--85

 []


Underfull \hbox (badness 10000) in paragraph at lines 87--89

 []


Underfull \hbox (badness 10000) in paragraph at lines 94--95

 []


Underfull \hbox (badness 10000) in paragraph at lines 96--98

 []


Underfull \hbox (badness 10000) in paragraph at lines 99--101

 []

[26]
Underfull \hbox (badness 10000) in paragraph at lines 110--111

 []


Underfull \hbox (badness 10000) in paragraph at lines 124--125

 []


Underfull \hbox (badness 10000) in paragraph at lines 128--129

 []


Underfull \hbox (badness 10000) in paragraph at lines 135--136

 []

[27]
Underfull \hbox (badness 10000) in paragraph at lines 144--145

 []


Underfull \hbox (badness 10000) in paragraph at lines 149--152

 []


Underfull \hbox (badness 10000) in paragraph at lines 153--154

 []


Underfull \hbox (badness 10000) in paragraph at lines 157--159

 []


Underfull \hbox (badness 10000) in paragraph at lines 164--165

 []


Underfull \hbox (badness 10000) in paragraph at lines 167--169

 []

[28]
Underfull \hbox (badness 10000) in paragraph at lines 171--174

 []


Underfull \hbox (badness 10000) in paragraph at lines 175--176

 []

) [29] [30

]
Caput 4.
(./capita/c02-sen-ep02.tex [31] [32]) [33] [34

]
Caput 5.
(./capita/c03-sen-ep03.tex [35] [36]) [37] [38

]
Caput 6.
(./capita/c04-sen-ep04.tex [39] [40]
Overfull \hbox (3.49432pt too wide) in paragraph at lines 39--40
[]\TU/OldStandardTT(0)/m/n/14.4 De Pompei capite pupillus et spado tulere sente
ntiam, de Cras-
 []

[41]) [42] [43

] [44]
Caput 7.
(./capita/c06-tib-el01.tex [45

]
Underfull \vbox (badness 10000) has occurred while \output is active []

 [46]
[47]
Underfull \hbox (badness 10000) in paragraph at lines 108--109

 []


Underfull \hbox (badness 10000) in paragraph at lines 112--113

 []


Underfull \hbox (badness 10000) in paragraph at lines 117--118

 []


Underfull \hbox (badness 10000) in paragraph at lines 121--122

 []


Underfull \hbox (badness 10000) in paragraph at lines 125--126

 []


Underfull \hbox (badness 10000) in paragraph at lines 129--130

 []


Underfull \hbox (badness 10000) in paragraph at lines 133--134

 []


Underfull \hbox (badness 10000) in paragraph at lines 138--139

 []


Underfull \hbox (badness 10000) in paragraph at lines 141--142

 []

[48]
Underfull \hbox (badness 10000) in paragraph at lines 145--146

 []


Underfull \hbox (badness 10000) in paragraph at lines 148--150

 []


Underfull \hbox (badness 10000) in paragraph at lines 151--152

 []


Underfull \hbox (badness 10000) in paragraph at lines 154--155

 []


Underfull \hbox (badness 10000) in paragraph at lines 158--159

 []


Underfull \hbox (badness 10000) in paragraph at lines 161--162

 []


Underfull \hbox (badness 10000) in paragraph at lines 165--166

 []


Underfull \hbox (badness 10000) in paragraph at lines 168--169

 []


Underfull \hbox (badness 10000) in paragraph at lines 173--174

 []

[49]
Underfull \hbox (badness 10000) in paragraph at lines 178--179

 []


Underfull \hbox (badness 10000) in paragraph at lines 182--183

 []


Underfull \hbox (badness 10000) in paragraph at lines 185--186

 []


Underfull \hbox (badness 10000) in paragraph at lines 189--190

 []


Underfull \hbox (badness 10000) in paragraph at lines 192--193

 []


Underfull \hbox (badness 10000) in paragraph at lines 196--197

 []


Underfull \hbox (badness 10000) in paragraph at lines 199--200

 []


Underfull \hbox (badness 10000) in paragraph at lines 203--204

 []


Underfull \hbox (badness 10000) in paragraph at lines 206--207

 []


Underfull \hbox (badness 10000) in paragraph at lines 210--211

 []

[50]
Underfull \hbox (badness 10000) in paragraph at lines 215--216

 []


Underfull \hbox (badness 10000) in paragraph at lines 219--220

 []


Underfull \hbox (badness 10000) in paragraph at lines 223--224

 []


Underfull \hbox (badness 10000) in paragraph at lines 227--228

 []


Underfull \hbox (badness 10000) in paragraph at lines 230--231

 []


Underfull \hbox (badness 10000) in paragraph at lines 234--235

 []


Overfull \hbox (1.99667pt too wide) in paragraph at lines 237--238
\TU/OldStandardTT(0)/m/n/14.4 Te bellare decet terra, Messalla, marique, ut dom
us hostiles prae-
 []


Underfull \hbox (badness 10000) in paragraph at lines 237--238

 []


Underfull \hbox (badness 10000) in paragraph at lines 241--242

 []


Underfull \hbox (badness 10000) in paragraph at lines 244--245

 []


Underfull \hbox (badness 10000) in paragraph at lines 248--249

 []

[51]
Underfull \hbox (badness 10000) in paragraph at lines 253--254

 []


Underfull \hbox (badness 10000) in paragraph at lines 257--258

 []


Underfull \hbox (badness 10000) in paragraph at lines 260--261

 []


Underfull \hbox (badness 10000) in paragraph at lines 264--265

 []


Underfull \hbox (badness 10000) in paragraph at lines 267--268

 []


Underfull \hbox (badness 10000) in paragraph at lines 272--273

 []


Underfull \hbox (badness 10000) in paragraph at lines 275--276

 []


Underfull \hbox (badness 10000) in paragraph at lines 279--280

 []


Underfull \hbox (badness 10000) in paragraph at lines 282--283

 []


Underfull \hbox (badness 10000) in paragraph at lines 286--287

 []


Underfull \hbox (badness 10000) in paragraph at lines 289--290

 []

[52]) [53] [54

]
Caput 8.
(./capita/c07-tib-el02.tex [55]
Underfull \vbox (badness 10000) has occurred while \output is active []

 [56]
Underfull \vbox (badness 10000) has occurred while \output is active []

 [57]
[58]
Underfull \hbox (badness 10000) in paragraph at lines 131--132

 []


Underfull \hbox (badness 10000) in paragraph at lines 136--137

 []


Underfull \hbox (badness 10000) in paragraph at lines 140--141

 []


Underfull \hbox (badness 10000) in paragraph at lines 145--146

 []


Underfull \hbox (badness 10000) in paragraph at lines 149--150

 []


Underfull \hbox (badness 10000) in paragraph at lines 154--155

 []


Underfull \hbox (badness 10000) in paragraph at lines 158--159

 []


Underfull \hbox (badness 10000) in paragraph at lines 163--164

 []


Underfull \hbox (badness 10000) in paragraph at lines 169--170

 []


Underfull \hbox (badness 10000) in paragraph at lines 174--175

 []


Underfull \hbox (badness 10000) in paragraph at lines 178--179

 []


Underfull \vbox (badness 1910) has occurred while \output is active []

 [59]
Underfull \hbox (badness 10000) in paragraph at lines 183--184

 []


Underfull \hbox (badness 10000) in paragraph at lines 187--188

 []


Underfull \hbox (badness 10000) in paragraph at lines 192--193

 []


Underfull \hbox (badness 10000) in paragraph at lines 196--197

 []


Underfull \hbox (badness 10000) in paragraph at lines 201--202

 []


Underfull \hbox (badness 10000) in paragraph at lines 207--208

 []


Underfull \hbox (badness 10000) in paragraph at lines 212--213

 []

[60]
Underfull \hbox (badness 10000) in paragraph at lines 218--219

 []


Underfull \hbox (badness 10000) in paragraph at lines 223--224

 []


Underfull \hbox (badness 10000) in paragraph at lines 229--230

 []


Underfull \hbox (badness 10000) in paragraph at lines 234--235

 []


Underfull \hbox (badness 10000) in paragraph at lines 238--239

 []


Underfull \hbox (badness 10000) in paragraph at lines 243--244

 []


Underfull \hbox (badness 10000) in paragraph at lines 247--248

 []


Underfull \hbox (badness 10000) in paragraph at lines 252--253

 []


Underfull \hbox (badness 10000) in paragraph at lines 256--257

 []


Underfull \hbox (badness 10000) in paragraph at lines 261--262

 []

[61]
Underfull \hbox (badness 10000) in paragraph at lines 267--268

 []


Underfull \hbox (badness 10000) in paragraph at lines 272--273

 []


Underfull \hbox (badness 10000) in paragraph at lines 276--277

 []


Underfull \hbox (badness 10000) in paragraph at lines 281--282

 []


Underfull \hbox (badness 10000) in paragraph at lines 285--286

 []


Underfull \hbox (badness 10000) in paragraph at lines 290--291

 []


Underfull \hbox (badness 10000) in paragraph at lines 294--295

 []


Underfull \hbox (badness 10000) in paragraph at lines 299--300

 []


Underfull \hbox (badness 10000) in paragraph at lines 303--304

 []


Underfull \hbox (badness 10000) in paragraph at lines 308--309

 []

[62]
Underfull \hbox (badness 10000) in paragraph at lines 314--315

 []


Underfull \hbox (badness 10000) in paragraph at lines 319--320

 []


Underfull \hbox (badness 10000) in paragraph at lines 323--324

 []


Underfull \hbox (badness 10000) in paragraph at lines 328--329

 []


Underfull \hbox (badness 10000) in paragraph at lines 332--333

 []


Underfull \hbox (badness 10000) in paragraph at lines 337--338

 []


Underfull \hbox (badness 10000) in paragraph at lines 341--342

 []


Underfull \hbox (badness 10000) in paragraph at lines 346--347

 []


Underfull \hbox (badness 10000) in paragraph at lines 350--351

 []


Underfull \hbox (badness 10000) in paragraph at lines 355--356

 []

[63]
Underfull \hbox (badness 10000) in paragraph at lines 359--360

 []


Underfull \hbox (badness 10000) in paragraph at lines 364--365

 []


Underfull \hbox (badness 10000) in paragraph at lines 368--369

 []


Underfull \hbox (badness 10000) in paragraph at lines 373--374

 []


Underfull \hbox (badness 10000) in paragraph at lines 377--378

 []


Underfull \hbox (badness 10000) in paragraph at lines 382--383

 []


Underfull \hbox (badness 10000) in paragraph at lines 386--387

 []


Underfull \hbox (badness 10000) in paragraph at lines 391--392

 []


Underfull \hbox (badness 10000) in paragraph at lines 395--396

 []


Underfull \hbox (badness 10000) in paragraph at lines 400--401

 []


Underfull \hbox (badness 10000) in paragraph at lines 404--405

 []


Underfull \vbox (badness 2970) has occurred while \output is active []

 [64]
Underfull \hbox (badness 10000) in paragraph at lines 409--410

 []


Underfull \hbox (badness 10000) in paragraph at lines 413--414

 []


Underfull \hbox (badness 10000) in paragraph at lines 418--419

 []


Underfull \hbox (badness 10000) in paragraph at lines 422--423

 []


Underfull \hbox (badness 10000) in paragraph at lines 427--428

 []


Underfull \hbox (badness 10000) in paragraph at lines 431--432

 []


Underfull \hbox (badness 10000) in paragraph at lines 435--436

 []

) [65] [66

] [67] [68]
Caput 9.
(./capita/c09-ter-adelph00.tex
Underfull \hbox (badness 10000) in paragraph at lines 5--6

 []

[69

]
Underfull \hbox (badness 10000) in paragraph at lines 64--65

 []

[70]
Underfull \vbox (badness 10000) has occurred while \output is active []

 [71]
[72] [73])
Underfull \vbox (badness 10000) has occurred while \output is active []

 [74]
[75] [76

]
Caput 10.
(./capita/c10-ter-adelph01.tex [77]

LaTeX Font Warning: Font shape `TU/OldStandardTT(0)/m/sc' undefined
(Font)              using `TU/OldStandardTT(0)/m/n' instead on input line 73.

[78]) [79] [80

]
Caput 11.
(./capita/c11-ter-adelph02.tex [81]
Underfull \vbox (badness 10000) has occurred while \output is active []

 [82]
[83] [84]) [85] [86

]
Caput 12.
(./capita/c12-ter-adelph03.tex [87]
Underfull \vbox (badness 10000) has occurred while \output is active []

 [88]
[89] [90]) [91] [92

] [93] [94]
Caput 13.
(./capita/c13-hor-od1-1.tex [95

] [96]) [97] [98

]
Caput 14.
(./capita/c14-hor-od1-2.tex [99]
Underfull \vbox (badness 10000) has occurred while \output is active []

 [100])
[101] [102

]
Caput 15.
(./capita/c15-hor-od1-3.tex [103] [104])
Package atveryend Info: Empty hook `BeforeClearDocument' on input line 273.
 [105]
Package atveryend Info: Empty hook `AfterLastShipout' on input line 273.
 (./psl_citanka_2020.aux)
Package atveryend Info: Empty hook `AtVeryEndDocument' on input line 273.
Package atveryend Info: Executing hook `AtEndAfterFileList' on input line 273.
Package rerunfilecheck Info: File `psl_citanka_2020.out' has not changed.
(rerunfilecheck)             Checksum: CA3FDF17E9208FF972EAC1C0AC3A00A7.


LaTeX Font Warning: Some font shapes were not available, defaults substituted.

 ) 
Here is how much of TeX's memory you used:
 21202 strings out of 492956
 395104 string characters out of 6132654
 525181 words of memory out of 5000000
 24869 multiletter control sequences out of 15000+600000
 536661 words of font info for 64 fonts, out of 8000000 for 9000
 1473 hyphenation exceptions out of 8191
 49i,11n,70p,3568b,487s stack positions out of 5000i,500n,10000p,200000b,80000s

Output written on psl_citanka_2020.xdv (105 pages, 1258848 bytes).
